<?xml version="1.0" encoding="UTF-8"?>
<!-- Generated by org.testng.reporters.JUnitXMLReporter -->
<testsuite hostname="DESKTOP-9R7FK2M" failures="0" tests="3" name="Default test" time="64.212" errors="0" timestamp="12 Jul 2019 09:09:58 GMT">
  <testcase classname="ShoppingPackage.flipKart" name="LaunchBrowser" time="20.848"/>
  <testcase classname="ShoppingPackage.flipKart" name="main" time="0.115"/>
  <testcase classname="ShoppingPackage.flipKart" name="searchItem" time="41.337"/>
</testsuite> <!-- Default test -->
