<?xml version="1.0" encoding="UTF-8"?>
<!-- Generated by org.testng.reporters.JUnitXMLReporter -->
<testsuite hostname="DESKTOP-9R7FK2M" failures="0" tests="6" name="Saba Automation" time="333.736" errors="0" timestamp="2 Aug 2018 16:09:29 GMT">
  <testcase classname="SabaPackage.Userprofile" name="login" time="40.842"/>
  <testcase classname="SabaPackage.Userprofile" name="newUser" time="107.293"/>
  <testcase classname="SabaPackage.Userprofile" name="SabaLogout" time="3.68"/>
  <testcase classname="SabaPackage.LearningClass" name="login" time="37.573"/>
  <testcase classname="SabaPackage.LearningClass" name="newCourse" time="74.129"/>
  <testcase classname="SabaPackage.LearningClass" name="SabaLogout" time="3.42"/>
</testsuite> <!-- Saba Automation -->
