<?xml version="1.0" encoding="UTF-8"?>
<!-- Generated by org.testng.reporters.JUnitXMLReporter -->
<testsuite hostname="DESKTOP-9R7FK2M" failures="0" tests="6" name="User Profile" time="362.47" errors="0" timestamp="2 Aug 2018 14:20:58 GMT">
  <testcase classname="SabaPackage.Userprofile" name="login" time="43.575"/>
  <testcase classname="SabaPackage.Userprofile" name="newUser" time="138.847"/>
  <testcase classname="SabaPackage.Userprofile" name="SabaLogout" time="7.49"/>
  <testcase classname="SabaPackage.LearningClass" name="login" time="37.351"/>
  <testcase classname="SabaPackage.LearningClass" name="newCourse" time="76.927"/>
  <testcase classname="SabaPackage.LearningClass" name="SabaLogout" time="3.62"/>
</testsuite> <!-- User Profile -->
