<?xml version="1.0" encoding="UTF-8"?>
<testng-results total="3" passed="3" failed="0" skipped="0">
  <reporter-output>
  </reporter-output>
  <suite started-at="2019-07-12T09:08:53Z" name="Default suite" finished-at="2019-07-12T09:09:57Z" duration-ms="64212">
    <groups>
    </groups>
    <test started-at="2019-07-12T09:08:53Z" name="Default test" finished-at="2019-07-12T09:09:57Z" duration-ms="64212">
      <class name="ShoppingPackage.flipKart">
        <test-method signature="LaunchBrowser()[pri:0, instance:ShoppingPackage.flipKart@2d2ffcb7]" started-at="2019-07-12T14:38:53Z" name="LaunchBrowser" finished-at="2019-07-12T14:39:13Z" duration-ms="20848" status="PASS">
          <reporter-output>
          </reporter-output>
        </test-method> <!-- LaunchBrowser -->
        <test-method signature="main()[pri:0, instance:ShoppingPackage.flipKart@2d2ffcb7]" started-at="2019-07-12T14:39:13Z" name="main" finished-at="2019-07-12T14:39:14Z" duration-ms="115" status="PASS">
          <reporter-output>
          </reporter-output>
        </test-method> <!-- main -->
        <test-method signature="searchItem()[pri:0, instance:ShoppingPackage.flipKart@2d2ffcb7]" started-at="2019-07-12T14:39:14Z" name="searchItem" finished-at="2019-07-12T14:39:55Z" duration-ms="41337" status="PASS">
          <reporter-output>
          </reporter-output>
        </test-method> <!-- searchItem -->
        <test-method is-config="true" signature="logout()[pri:0, instance:ShoppingPackage.flipKart@2d2ffcb7]" started-at="2019-07-12T14:39:55Z" name="logout" finished-at="2019-07-12T14:39:57Z" duration-ms="1870" status="PASS">
          <reporter-output>
          </reporter-output>
        </test-method> <!-- logout -->
      </class> <!-- ShoppingPackage.flipKart -->
    </test> <!-- Default test -->
  </suite> <!-- Default suite -->
</testng-results>
