<?xml version="1.0" encoding="UTF-8"?>
<!-- Generated by org.testng.reporters.JUnitXMLReporter -->
<testsuite hostname="DESKTOP-9R7FK2M" failures="0" tests="8" name="Saba Automation" time="379.311" errors="0" timestamp="3 Aug 2018 17:52:01 GMT">
  <testcase classname="SabaPackage.Userprofile" name="login" time="39.864"/>
  <testcase classname="SabaPackage.Userprofile" name="newUser" time="127.1"/>
  <testcase classname="SabaPackage.Userprofile" name="SabaLogout" time="5.327"/>
  <testcase classname="SabaPackage.LearningClass" name="close" time="0.009"/>
  <testcase classname="SabaPackage.LearningClass" name="peopleadmin" time="38.965"/>
  <testcase classname="SabaPackage.LearningClass" name="login" time="36.215"/>
  <testcase classname="SabaPackage.LearningClass" name="newCourse" time="88.252"/>
  <testcase classname="SabaPackage.LearningClass" name="SabaLogout" time="3.27"/>
</testsuite> <!-- Saba Automation -->
