<?xml version="1.0" encoding="UTF-8"?>
<!-- Generated by org.testng.reporters.JUnitXMLReporter -->
<testsuite hostname="DESKTOP-9R7FK2M" failures="0" tests="8" name="Saba Automation" time="366.438" errors="0" timestamp="3 Aug 2018 18:17:43 GMT">
  <testcase classname="SabaPackage.Userprofile" name="login" time="50.496"/>
  <testcase classname="SabaPackage.Userprofile" name="newUser" time="111.063"/>
  <testcase classname="SabaPackage.Userprofile" name="SabaLogout" time="3.068"/>
  <testcase classname="SabaPackage.LearningClass" name="close" time="0.007"/>
  <testcase classname="SabaPackage.LearningClass" name="peopleadmin" time="32.322"/>
  <testcase classname="SabaPackage.LearningClass" name="login" time="46.005"/>
  <testcase classname="SabaPackage.LearningClass" name="newCourse" time="83.053"/>
  <testcase classname="SabaPackage.LearningClass" name="SabaLogout" time="6.653"/>
</testsuite> <!-- Saba Automation -->
